
16. Printing statistics.

=== apb_slave_memory ===

        +----------Local Count, excluding submodules.
        | 
     2901 wires
     4021 wire bits
       45 public wires
     1163 public wire bits
       11 ports
      135 port bits
     2858 cells
       10   AND2_X1
        2   AND3_X1
       14   AND4_X1
        1   AOI211_X1
       33   AOI21_X1
       32   AOI221_X1
      158   AOI222_X1
      242   AOI22_X1
       36   DFFR_X1
     1024   DFF_X1
       28   INV_X1
     1024   MUX2_X1
       63   NAND2_X1
       17   NAND3_X1
       69   NAND4_X1
       43   NOR2_X1
       22   NOR3_X1
       37   NOR4_X1
        1   OAI22_X1
        2   OR2_X1

